<?xml version="1.0" encoding="UTF-8"?>
<testng-results skipped="0" failed="0" ignored="0" total="1" passed="1">
  <reporter-output>
  </reporter-output>
  <suite name="Default suite" duration-ms="19750" started-at="2021-04-13T13:03:22Z" finished-at="2021-04-13T13:03:42Z">
    <groups>
    </groups>
    <test name="Default test" duration-ms="19750" started-at="2021-04-13T13:03:22Z" finished-at="2021-04-13T13:03:42Z">
      <class name="TestScripts.CalenderHandling">
        <test-method status="PASS" signature="cHandling()[pri:0, instance:TestScripts.CalenderHandling@61832929]" name="cHandling" duration-ms="19698" started-at="2021-04-13T13:03:22Z" finished-at="2021-04-13T13:03:42Z">
          <reporter-output>
          </reporter-output>
        </test-method> <!-- cHandling -->
      </class> <!-- TestScripts.CalenderHandling -->
    </test> <!-- Default test -->
  </suite> <!-- Default suite -->
</testng-results>
